[05-Aug-2013 12:12:26 UTC] PHP Notice:  Undefined index: user_id in /Users/lawrie/Web Dev/things2do/sys/auth.class.php on line 157
[05-Aug-2013 12:12:26 UTC] PHP Notice:  Undefined offset: 2 in /Users/lawrie/Web Dev/things2do/sys/routing.php on line 17
[05-Aug-2013 12:12:26 UTC] PHP Notice:  Undefined offset: 1 in /Users/lawrie/Web Dev/things2do/sys/routing.php on line 17
[05-Aug-2013 12:12:26 UTC] PHP Notice:  Undefined variable: desc in /Users/lawrie/Web Dev/things2do/templates/header.html on line 10
[05-Aug-2013 12:12:28 UTC] PHP Notice:  Undefined index: user_id in /Users/lawrie/Web Dev/things2do/sys/auth.class.php on line 157
[05-Aug-2013 12:12:28 UTC] PHP Notice:  Undefined offset: 2 in /Users/lawrie/Web Dev/things2do/sys/routing.php on line 17
[05-Aug-2013 12:12:28 UTC] PHP Notice:  Undefined variable: desc in /Users/lawrie/Web Dev/things2do/templates/header.html on line 10
[05-Aug-2013 12:12:29 UTC] PHP Notice:  Undefined index: user_id in /Users/lawrie/Web Dev/things2do/sys/auth.class.php on line 157
[05-Aug-2013 12:12:29 UTC] PHP Notice:  Undefined offset: 2 in /Users/lawrie/Web Dev/things2do/sys/routing.php on line 17
[05-Aug-2013 12:12:29 UTC] PHP Notice:  Undefined property: Auth::$_siteKey in /Users/lawrie/Web Dev/things2do/sys/auth.class.php on line 26
[05-Aug-2013 12:12:29 UTC] PHP Notice:  Undefined variable: desc in /Users/lawrie/Web Dev/things2do/templates/header.html on line 10
[05-Aug-2013 12:12:30 UTC] PHP Notice:  Undefined index: user_id in /Users/lawrie/Web Dev/things2do/sys/auth.class.php on line 157
[05-Aug-2013 12:12:30 UTC] PHP Notice:  Undefined offset: 2 in /Users/lawrie/Web Dev/things2do/sys/routing.php on line 17
[05-Aug-2013 12:12:30 UTC] PHP Notice:  Undefined variable: desc in /Users/lawrie/Web Dev/things2do/templates/header.html on line 10
[05-Aug-2013 12:12:58 UTC] PHP Notice:  Undefined index: user_id in /Users/lawrie/Web Dev/things2do/sys/auth.class.php on line 157
[05-Aug-2013 12:12:58 UTC] PHP Notice:  Undefined offset: 2 in /Users/lawrie/Web Dev/things2do/sys/routing.php on line 17
[05-Aug-2013 12:12:58 UTC] PHP Notice:  Undefined offset: 1 in /Users/lawrie/Web Dev/things2do/sys/routing.php on line 17
[05-Aug-2013 12:12:58 UTC] PHP Notice:  Undefined variable: desc in /Users/lawrie/Web Dev/things2do/templates/header.html on line 10
[05-Aug-2013 12:14:02 UTC] PHP Notice:  Undefined index: user_id in /Users/lawrie/Web Dev/things2do/sys/auth.class.php on line 157
[05-Aug-2013 12:14:02 UTC] PHP Notice:  Undefined offset: 2 in /Users/lawrie/Web Dev/things2do/sys/routing.php on line 17
[05-Aug-2013 12:14:02 UTC] PHP Notice:  Undefined variable: desc in /Users/lawrie/Web Dev/things2do/templates/header.html on line 10
[05-Aug-2013 12:14:11 UTC] PHP Notice:  Undefined index: user_id in /Users/lawrie/Web Dev/things2do/sys/auth.class.php on line 157
[05-Aug-2013 12:14:11 UTC] PHP Notice:  Undefined offset: 2 in /Users/lawrie/Web Dev/things2do/sys/routing.php on line 17
[05-Aug-2013 12:14:11 UTC] PHP Notice:  Undefined variable: desc in /Users/lawrie/Web Dev/things2do/templates/header.html on line 10
[05-Aug-2013 12:14:13 UTC] PHP Notice:  Undefined index: user_id in /Users/lawrie/Web Dev/things2do/sys/auth.class.php on line 157
[05-Aug-2013 12:14:13 UTC] PHP Notice:  Undefined offset: 2 in /Users/lawrie/Web Dev/things2do/sys/routing.php on line 17
[05-Aug-2013 12:14:13 UTC] PHP Notice:  Undefined offset: 1 in /Users/lawrie/Web Dev/things2do/sys/routing.php on line 17
[05-Aug-2013 12:14:13 UTC] PHP Notice:  Undefined variable: desc in /Users/lawrie/Web Dev/things2do/templates/header.html on line 10
[05-Aug-2013 12:48:43 UTC] PHP Notice:  Undefined offset: 2 in /Users/lawrie/Web Dev/things2do/sys/routing.php on line 17
[05-Aug-2013 12:48:43 UTC] PHP Notice:  Undefined offset: 1 in /Users/lawrie/Web Dev/things2do/sys/routing.php on line 17
[05-Aug-2013 12:48:43 UTC] PHP Fatal error:  Cannot access parent:: when current class scope has no parent in /Users/lawrie/Web Dev/things2do/sys/fbauth.class.php on line 8
[05-Aug-2013 12:48:50 UTC] PHP Notice:  Undefined offset: 2 in /Users/lawrie/Web Dev/things2do/sys/routing.php on line 17
[05-Aug-2013 12:48:50 UTC] PHP Notice:  Undefined offset: 1 in /Users/lawrie/Web Dev/things2do/sys/routing.php on line 17
[05-Aug-2013 12:48:50 UTC] PHP Fatal error:  Cannot access parent:: when current class scope has no parent in /Users/lawrie/Web Dev/things2do/sys/fbauth.class.php on line 8
[05-Aug-2013 12:49:01 UTC] PHP Notice:  Undefined offset: 2 in /Users/lawrie/Web Dev/things2do/sys/routing.php on line 17
[05-Aug-2013 12:49:01 UTC] PHP Notice:  Undefined offset: 1 in /Users/lawrie/Web Dev/things2do/sys/routing.php on line 17
[05-Aug-2013 12:49:01 UTC] PHP Fatal error:  Class 'Facebook' not found in /Users/lawrie/Web Dev/things2do/sys/fbauth.class.php on line 11
[05-Aug-2013 12:49:25 UTC] PHP Notice:  Undefined offset: 2 in /Users/lawrie/Web Dev/things2do/sys/routing.php on line 17
[05-Aug-2013 12:49:25 UTC] PHP Notice:  Undefined offset: 1 in /Users/lawrie/Web Dev/things2do/sys/routing.php on line 17
[05-Aug-2013 12:49:25 UTC] PHP Warning:  session_start(): Cannot send session cache limiter - headers already sent (output started at /Users/lawrie/Web Dev/things2do/sys/routing.php:17) in /Users/lawrie/Web Dev/things2do/sys/facebook/facebook.php on line 49
[05-Aug-2013 12:49:25 UTC] PHP Notice:  Undefined variable: facebook in /Users/lawrie/Web Dev/things2do/sys/fbauth.class.php on line 57
[05-Aug-2013 12:49:25 UTC] PHP Fatal error:  Call to a member function api() on a non-object in /Users/lawrie/Web Dev/things2do/sys/fbauth.class.php on line 57
[05-Aug-2013 12:49:43 UTC] PHP Notice:  Undefined offset: 2 in /Users/lawrie/Web Dev/things2do/sys/routing.php on line 17
[05-Aug-2013 12:49:43 UTC] PHP Notice:  Undefined offset: 1 in /Users/lawrie/Web Dev/things2do/sys/routing.php on line 17
[05-Aug-2013 12:49:43 UTC] PHP Warning:  session_start(): Cannot send session cache limiter - headers already sent (output started at /Users/lawrie/Web Dev/things2do/sys/routing.php:17) in /Users/lawrie/Web Dev/things2do/sys/facebook/facebook.php on line 49
[05-Aug-2013 12:49:44 UTC] PHP Fatal error:  Class 'Auth' not found in /Users/lawrie/Web Dev/things2do/sys/template.class.php on line 78
[05-Aug-2013 12:49:52 UTC] PHP Notice:  Undefined offset: 2 in /Users/lawrie/Web Dev/things2do/sys/routing.php on line 17
[05-Aug-2013 12:49:52 UTC] PHP Notice:  Undefined offset: 1 in /Users/lawrie/Web Dev/things2do/sys/routing.php on line 17
[05-Aug-2013 12:49:52 UTC] PHP Warning:  session_start(): Cannot send session cache limiter - headers already sent (output started at /Users/lawrie/Web Dev/things2do/sys/routing.php:17) in /Users/lawrie/Web Dev/things2do/sys/facebook/facebook.php on line 49
[05-Aug-2013 12:49:53 UTC] PHP Notice:  Undefined variable: desc in /Users/lawrie/Web Dev/things2do/templates/header.html on line 10
[05-Aug-2013 12:49:53 UTC] PHP Notice:  Undefined variable: logoutUrl in /Users/lawrie/Web Dev/things2do/actions/pages/templates/home.php on line 4
[05-Aug-2013 12:49:53 UTC] PHP Notice:  Undefined variable: user in /Users/lawrie/Web Dev/things2do/actions/pages/templates/home.php on line 15
[05-Aug-2013 12:50:12 UTC] PHP Notice:  Undefined offset: 2 in /Users/lawrie/Web Dev/things2do/sys/routing.php on line 17
[05-Aug-2013 12:50:12 UTC] PHP Notice:  Undefined offset: 1 in /Users/lawrie/Web Dev/things2do/sys/routing.php on line 17
[05-Aug-2013 12:50:12 UTC] PHP Notice:  Undefined variable: desc in /Users/lawrie/Web Dev/things2do/templates/header.html on line 10
[05-Aug-2013 12:50:12 UTC] PHP Notice:  Undefined variable: logoutUrl in /Users/lawrie/Web Dev/things2do/actions/pages/templates/home.php on line 4
[05-Aug-2013 12:50:12 UTC] PHP Notice:  Undefined variable: user in /Users/lawrie/Web Dev/things2do/actions/pages/templates/home.php on line 15
[05-Aug-2013 12:50:15 UTC] PHP Notice:  Undefined offset: 2 in /Users/lawrie/Web Dev/things2do/sys/routing.php on line 17
[05-Aug-2013 12:50:15 UTC] PHP Notice:  Undefined offset: 1 in /Users/lawrie/Web Dev/things2do/sys/routing.php on line 17
[05-Aug-2013 12:50:16 UTC] PHP Notice:  Undefined variable: desc in /Users/lawrie/Web Dev/things2do/templates/header.html on line 10
[05-Aug-2013 12:50:16 UTC] PHP Notice:  Undefined variable: logoutUrl in /Users/lawrie/Web Dev/things2do/actions/pages/templates/home.php on line 4
[05-Aug-2013 12:50:16 UTC] PHP Notice:  Undefined variable: user in /Users/lawrie/Web Dev/things2do/actions/pages/templates/home.php on line 15
[05-Aug-2013 12:50:37 UTC] PHP Notice:  Undefined offset: 2 in /Users/lawrie/Web Dev/things2do/sys/routing.php on line 17
[05-Aug-2013 12:50:37 UTC] PHP Notice:  Undefined offset: 1 in /Users/lawrie/Web Dev/things2do/sys/routing.php on line 17
[05-Aug-2013 12:50:38 UTC] PHP Notice:  Undefined variable: desc in /Users/lawrie/Web Dev/things2do/templates/header.html on line 10
[05-Aug-2013 12:50:38 UTC] PHP Notice:  Undefined variable: logoutUrl in /Users/lawrie/Web Dev/things2do/actions/pages/templates/home.php on line 4
[05-Aug-2013 12:50:38 UTC] PHP Notice:  Undefined variable: user in /Users/lawrie/Web Dev/things2do/actions/pages/templates/home.php on line 15
[05-Aug-2013 12:50:40 UTC] PHP Notice:  Undefined offset: 2 in /Users/lawrie/Web Dev/things2do/sys/routing.php on line 17
[05-Aug-2013 12:50:40 UTC] PHP Notice:  Undefined offset: 1 in /Users/lawrie/Web Dev/things2do/sys/routing.php on line 17
[05-Aug-2013 12:50:40 UTC] PHP Notice:  Undefined variable: desc in /Users/lawrie/Web Dev/things2do/templates/header.html on line 10
[05-Aug-2013 12:50:40 UTC] PHP Notice:  Undefined variable: logoutUrl in /Users/lawrie/Web Dev/things2do/actions/pages/templates/home.php on line 4
[05-Aug-2013 12:50:40 UTC] PHP Notice:  Undefined variable: user in /Users/lawrie/Web Dev/things2do/actions/pages/templates/home.php on line 15
[05-Aug-2013 12:50:43 UTC] PHP Notice:  Undefined offset: 2 in /Users/lawrie/Web Dev/things2do/sys/routing.php on line 17
[05-Aug-2013 12:50:43 UTC] PHP Notice:  Undefined offset: 1 in /Users/lawrie/Web Dev/things2do/sys/routing.php on line 17
[05-Aug-2013 12:50:44 UTC] PHP Notice:  Undefined variable: desc in /Users/lawrie/Web Dev/things2do/templates/header.html on line 10
[05-Aug-2013 12:50:44 UTC] PHP Notice:  Undefined variable: logoutUrl in /Users/lawrie/Web Dev/things2do/actions/pages/templates/home.php on line 4
[05-Aug-2013 12:50:44 UTC] PHP Notice:  Undefined variable: user in /Users/lawrie/Web Dev/things2do/actions/pages/templates/home.php on line 15
[05-Aug-2013 12:51:13 UTC] PHP Notice:  Undefined offset: 2 in /Users/lawrie/Web Dev/things2do/sys/routing.php on line 17
[05-Aug-2013 12:51:13 UTC] PHP Notice:  Undefined offset: 1 in /Users/lawrie/Web Dev/things2do/sys/routing.php on line 17
[05-Aug-2013 12:51:14 UTC] PHP Notice:  Undefined variable: desc in /Users/lawrie/Web Dev/things2do/templates/header.html on line 10
[05-Aug-2013 12:51:14 UTC] PHP Notice:  Undefined variable: user in /Users/lawrie/Web Dev/things2do/actions/pages/templates/home.php on line 15
[05-Aug-2013 12:51:15 UTC] PHP Notice:  Undefined offset: 2 in /Users/lawrie/Web Dev/things2do/sys/routing.php on line 17
[05-Aug-2013 12:51:21 UTC] PHP Notice:  Undefined offset: 2 in /Users/lawrie/Web Dev/things2do/sys/routing.php on line 17
[05-Aug-2013 12:51:21 UTC] PHP Notice:  Undefined offset: 1 in /Users/lawrie/Web Dev/things2do/sys/routing.php on line 17
[05-Aug-2013 12:51:21 UTC] PHP Notice:  Undefined variable: desc in /Users/lawrie/Web Dev/things2do/templates/header.html on line 10
[05-Aug-2013 12:51:21 UTC] PHP Notice:  Undefined variable: user in /Users/lawrie/Web Dev/things2do/actions/pages/templates/home.php on line 15
[05-Aug-2013 12:51:22 UTC] PHP Notice:  Undefined offset: 2 in /Users/lawrie/Web Dev/things2do/sys/routing.php on line 17
[05-Aug-2013 12:51:22 UTC] PHP Notice:  Undefined offset: 1 in /Users/lawrie/Web Dev/things2do/sys/routing.php on line 17
[05-Aug-2013 12:51:22 UTC] PHP Notice:  Undefined variable: desc in /Users/lawrie/Web Dev/things2do/templates/header.html on line 10
[05-Aug-2013 12:51:22 UTC] PHP Notice:  Undefined variable: user in /Users/lawrie/Web Dev/things2do/actions/pages/templates/home.php on line 15
[05-Aug-2013 12:51:23 UTC] PHP Notice:  Undefined offset: 2 in /Users/lawrie/Web Dev/things2do/sys/routing.php on line 17
[05-Aug-2013 12:51:25 UTC] PHP Notice:  Undefined offset: 2 in /Users/lawrie/Web Dev/things2do/sys/routing.php on line 17
[05-Aug-2013 12:51:25 UTC] PHP Notice:  Undefined offset: 1 in /Users/lawrie/Web Dev/things2do/sys/routing.php on line 17
[05-Aug-2013 12:51:25 UTC] PHP Notice:  Undefined variable: desc in /Users/lawrie/Web Dev/things2do/templates/header.html on line 10
[05-Aug-2013 12:51:25 UTC] PHP Notice:  Undefined variable: user in /Users/lawrie/Web Dev/things2do/actions/pages/templates/home.php on line 15
[05-Aug-2013 12:51:26 UTC] PHP Notice:  Undefined offset: 2 in /Users/lawrie/Web Dev/things2do/sys/routing.php on line 17
[05-Aug-2013 12:51:28 UTC] PHP Notice:  Undefined offset: 2 in /Users/lawrie/Web Dev/things2do/sys/routing.php on line 17
[05-Aug-2013 12:51:28 UTC] PHP Notice:  Undefined offset: 1 in /Users/lawrie/Web Dev/things2do/sys/routing.php on line 17
[05-Aug-2013 12:51:28 UTC] PHP Notice:  Undefined variable: desc in /Users/lawrie/Web Dev/things2do/templates/header.html on line 10
[05-Aug-2013 12:51:28 UTC] PHP Notice:  Undefined variable: user in /Users/lawrie/Web Dev/things2do/actions/pages/templates/home.php on line 15
[05-Aug-2013 12:51:44 UTC] PHP Notice:  Undefined offset: 2 in /Users/lawrie/Web Dev/things2do/sys/routing.php on line 17
[05-Aug-2013 12:51:44 UTC] PHP Notice:  Undefined offset: 1 in /Users/lawrie/Web Dev/things2do/sys/routing.php on line 17
[05-Aug-2013 12:51:44 UTC] PHP Notice:  Undefined variable: desc in /Users/lawrie/Web Dev/things2do/templates/header.html on line 10
[05-Aug-2013 12:51:44 UTC] PHP Notice:  Undefined variable: user in /Users/lawrie/Web Dev/things2do/actions/pages/templates/home.php on line 15
[05-Aug-2013 12:51:45 UTC] PHP Notice:  Undefined offset: 2 in /Users/lawrie/Web Dev/things2do/sys/routing.php on line 17
[05-Aug-2013 12:51:46 UTC] PHP Notice:  Undefined offset: 2 in /Users/lawrie/Web Dev/things2do/sys/routing.php on line 17
[05-Aug-2013 12:51:46 UTC] PHP Notice:  Undefined offset: 1 in /Users/lawrie/Web Dev/things2do/sys/routing.php on line 17
[05-Aug-2013 12:51:46 UTC] PHP Notice:  Undefined variable: desc in /Users/lawrie/Web Dev/things2do/templates/header.html on line 10
[05-Aug-2013 12:51:46 UTC] PHP Notice:  Undefined variable: user in /Users/lawrie/Web Dev/things2do/actions/pages/templates/home.php on line 15
[05-Aug-2013 12:52:00 UTC] PHP Notice:  Undefined offset: 2 in /Users/lawrie/Web Dev/things2do/sys/routing.php on line 17
[05-Aug-2013 12:52:00 UTC] PHP Notice:  Undefined offset: 1 in /Users/lawrie/Web Dev/things2do/sys/routing.php on line 17
[05-Aug-2013 12:52:00 UTC] PHP Notice:  Undefined variable: desc in /Users/lawrie/Web Dev/things2do/templates/header.html on line 10
[05-Aug-2013 12:52:00 UTC] PHP Notice:  Undefined variable: user in /Users/lawrie/Web Dev/things2do/actions/pages/templates/home.php on line 15
[05-Aug-2013 12:52:02 UTC] PHP Notice:  Undefined offset: 2 in /Users/lawrie/Web Dev/things2do/sys/routing.php on line 17
[05-Aug-2013 12:52:02 UTC] PHP Notice:  Undefined offset: 2 in /Users/lawrie/Web Dev/things2do/sys/routing.php on line 17
[05-Aug-2013 12:52:02 UTC] PHP Notice:  Undefined offset: 2 in /Users/lawrie/Web Dev/things2do/sys/routing.php on line 17
[05-Aug-2013 12:52:03 UTC] PHP Notice:  Undefined offset: 2 in /Users/lawrie/Web Dev/things2do/sys/routing.php on line 17
[05-Aug-2013 12:52:03 UTC] PHP Notice:  Undefined offset: 2 in /Users/lawrie/Web Dev/things2do/sys/routing.php on line 17
[05-Aug-2013 12:52:04 UTC] PHP Notice:  Undefined offset: 2 in /Users/lawrie/Web Dev/things2do/sys/routing.php on line 17
[05-Aug-2013 12:52:04 UTC] PHP Notice:  Undefined offset: 2 in /Users/lawrie/Web Dev/things2do/sys/routing.php on line 17
[05-Aug-2013 12:52:04 UTC] PHP Notice:  Undefined offset: 2 in /Users/lawrie/Web Dev/things2do/sys/routing.php on line 17
[05-Aug-2013 12:52:05 UTC] PHP Notice:  Undefined offset: 2 in /Users/lawrie/Web Dev/things2do/sys/routing.php on line 17
[05-Aug-2013 12:52:05 UTC] PHP Notice:  Undefined offset: 2 in /Users/lawrie/Web Dev/things2do/sys/routing.php on line 17
[05-Aug-2013 12:52:06 UTC] PHP Notice:  Undefined offset: 2 in /Users/lawrie/Web Dev/things2do/sys/routing.php on line 17
[05-Aug-2013 12:52:56 UTC] PHP Notice:  Undefined offset: 2 in /Users/lawrie/Web Dev/things2do/sys/routing.php on line 17
[05-Aug-2013 12:52:56 UTC] PHP Notice:  Undefined property: FBAuth::$isLoggedIn in /Users/lawrie/Web Dev/things2do/actions/auth/actions.php on line 9
[05-Aug-2013 12:52:56 UTC] PHP Notice:  Undefined offset: 2 in /Users/lawrie/Web Dev/things2do/sys/routing.php on line 17
[05-Aug-2013 12:52:57 UTC] PHP Notice:  Undefined property: FBAuth::$isLoggedIn in /Users/lawrie/Web Dev/things2do/actions/auth/actions.php on line 9
[05-Aug-2013 12:52:57 UTC] PHP Notice:  Undefined offset: 2 in /Users/lawrie/Web Dev/things2do/sys/routing.php on line 17
[05-Aug-2013 12:52:57 UTC] PHP Notice:  Undefined property: FBAuth::$isLoggedIn in /Users/lawrie/Web Dev/things2do/actions/auth/actions.php on line 9
[05-Aug-2013 12:52:57 UTC] PHP Notice:  Undefined offset: 2 in /Users/lawrie/Web Dev/things2do/sys/routing.php on line 17
[05-Aug-2013 12:52:57 UTC] PHP Notice:  Undefined property: FBAuth::$isLoggedIn in /Users/lawrie/Web Dev/things2do/actions/auth/actions.php on line 9
[05-Aug-2013 12:52:58 UTC] PHP Notice:  Undefined offset: 2 in /Users/lawrie/Web Dev/things2do/sys/routing.php on line 17
[05-Aug-2013 12:52:58 UTC] PHP Notice:  Undefined property: FBAuth::$isLoggedIn in /Users/lawrie/Web Dev/things2do/actions/auth/actions.php on line 9
[05-Aug-2013 12:52:58 UTC] PHP Notice:  Undefined offset: 2 in /Users/lawrie/Web Dev/things2do/sys/routing.php on line 17
[05-Aug-2013 12:52:58 UTC] PHP Notice:  Undefined property: FBAuth::$isLoggedIn in /Users/lawrie/Web Dev/things2do/actions/auth/actions.php on line 9
[05-Aug-2013 12:52:59 UTC] PHP Notice:  Undefined offset: 2 in /Users/lawrie/Web Dev/things2do/sys/routing.php on line 17
[05-Aug-2013 12:52:59 UTC] PHP Notice:  Undefined property: FBAuth::$isLoggedIn in /Users/lawrie/Web Dev/things2do/actions/auth/actions.php on line 9
[05-Aug-2013 12:52:59 UTC] PHP Notice:  Undefined offset: 2 in /Users/lawrie/Web Dev/things2do/sys/routing.php on line 17
[05-Aug-2013 12:52:59 UTC] PHP Notice:  Undefined property: FBAuth::$isLoggedIn in /Users/lawrie/Web Dev/things2do/actions/auth/actions.php on line 9
[05-Aug-2013 12:52:59 UTC] PHP Notice:  Undefined offset: 2 in /Users/lawrie/Web Dev/things2do/sys/routing.php on line 17
[05-Aug-2013 12:53:00 UTC] PHP Notice:  Undefined property: FBAuth::$isLoggedIn in /Users/lawrie/Web Dev/things2do/actions/auth/actions.php on line 9
[05-Aug-2013 12:53:00 UTC] PHP Notice:  Undefined offset: 2 in /Users/lawrie/Web Dev/things2do/sys/routing.php on line 17
[05-Aug-2013 12:53:00 UTC] PHP Notice:  Undefined property: FBAuth::$isLoggedIn in /Users/lawrie/Web Dev/things2do/actions/auth/actions.php on line 9
[05-Aug-2013 12:53:04 UTC] PHP Notice:  Undefined offset: 2 in /Users/lawrie/Web Dev/things2do/sys/routing.php on line 17
[05-Aug-2013 12:53:04 UTC] PHP Notice:  Undefined offset: 1 in /Users/lawrie/Web Dev/things2do/sys/routing.php on line 17
[05-Aug-2013 12:53:05 UTC] PHP Notice:  Undefined variable: desc in /Users/lawrie/Web Dev/things2do/templates/header.html on line 10
[05-Aug-2013 12:53:05 UTC] PHP Notice:  Undefined variable: user in /Users/lawrie/Web Dev/things2do/actions/pages/templates/home.php on line 15
[05-Aug-2013 12:53:08 UTC] PHP Notice:  Undefined offset: 2 in /Users/lawrie/Web Dev/things2do/sys/routing.php on line 17
[05-Aug-2013 12:53:08 UTC] PHP Notice:  Undefined offset: 2 in /Users/lawrie/Web Dev/things2do/sys/routing.php on line 17
[05-Aug-2013 12:53:18 UTC] PHP Notice:  Undefined offset: 2 in /Users/lawrie/Web Dev/things2do/sys/routing.php on line 17
[05-Aug-2013 12:53:18 UTC] PHP Notice:  Undefined offset: 1 in /Users/lawrie/Web Dev/things2do/sys/routing.php on line 17
[05-Aug-2013 12:53:18 UTC] PHP Notice:  Undefined variable: desc in /Users/lawrie/Web Dev/things2do/templates/header.html on line 10
[05-Aug-2013 12:53:18 UTC] PHP Notice:  Undefined variable: user in /Users/lawrie/Web Dev/things2do/actions/pages/templates/home.php on line 15
[05-Aug-2013 12:53:19 UTC] PHP Notice:  Undefined offset: 2 in /Users/lawrie/Web Dev/things2do/sys/routing.php on line 17
[05-Aug-2013 12:53:19 UTC] PHP Notice:  Undefined property: FBAuth::$isLoggedIn in /Users/lawrie/Web Dev/things2do/actions/auth/actions.php on line 9
[05-Aug-2013 12:53:19 UTC] PHP Notice:  Undefined offset: 2 in /Users/lawrie/Web Dev/things2do/sys/routing.php on line 17
[05-Aug-2013 12:53:20 UTC] PHP Notice:  Undefined property: FBAuth::$isLoggedIn in /Users/lawrie/Web Dev/things2do/actions/auth/actions.php on line 9
[05-Aug-2013 12:53:20 UTC] PHP Notice:  Undefined offset: 2 in /Users/lawrie/Web Dev/things2do/sys/routing.php on line 17
[05-Aug-2013 12:53:20 UTC] PHP Notice:  Undefined property: FBAuth::$isLoggedIn in /Users/lawrie/Web Dev/things2do/actions/auth/actions.php on line 9
[05-Aug-2013 12:53:20 UTC] PHP Notice:  Undefined offset: 2 in /Users/lawrie/Web Dev/things2do/sys/routing.php on line 17
[05-Aug-2013 12:53:20 UTC] PHP Notice:  Undefined property: FBAuth::$isLoggedIn in /Users/lawrie/Web Dev/things2do/actions/auth/actions.php on line 9
[05-Aug-2013 12:53:21 UTC] PHP Notice:  Undefined offset: 2 in /Users/lawrie/Web Dev/things2do/sys/routing.php on line 17
[05-Aug-2013 12:53:21 UTC] PHP Notice:  Undefined property: FBAuth::$isLoggedIn in /Users/lawrie/Web Dev/things2do/actions/auth/actions.php on line 9
[05-Aug-2013 12:53:21 UTC] PHP Notice:  Undefined offset: 2 in /Users/lawrie/Web Dev/things2do/sys/routing.php on line 17
[05-Aug-2013 12:53:21 UTC] PHP Notice:  Undefined property: FBAuth::$isLoggedIn in /Users/lawrie/Web Dev/things2do/actions/auth/actions.php on line 9
[05-Aug-2013 12:53:21 UTC] PHP Notice:  Undefined offset: 2 in /Users/lawrie/Web Dev/things2do/sys/routing.php on line 17
[05-Aug-2013 12:53:21 UTC] PHP Notice:  Undefined property: FBAuth::$isLoggedIn in /Users/lawrie/Web Dev/things2do/actions/auth/actions.php on line 9
[05-Aug-2013 12:53:22 UTC] PHP Notice:  Undefined offset: 2 in /Users/lawrie/Web Dev/things2do/sys/routing.php on line 17
[05-Aug-2013 12:53:22 UTC] PHP Notice:  Undefined property: FBAuth::$isLoggedIn in /Users/lawrie/Web Dev/things2do/actions/auth/actions.php on line 9
[05-Aug-2013 12:53:22 UTC] PHP Notice:  Undefined offset: 2 in /Users/lawrie/Web Dev/things2do/sys/routing.php on line 17
[05-Aug-2013 12:53:22 UTC] PHP Notice:  Undefined property: FBAuth::$isLoggedIn in /Users/lawrie/Web Dev/things2do/actions/auth/actions.php on line 9
[05-Aug-2013 12:53:23 UTC] PHP Notice:  Undefined offset: 2 in /Users/lawrie/Web Dev/things2do/sys/routing.php on line 17
[05-Aug-2013 12:53:23 UTC] PHP Notice:  Undefined property: FBAuth::$isLoggedIn in /Users/lawrie/Web Dev/things2do/actions/auth/actions.php on line 9
[05-Aug-2013 12:53:23 UTC] PHP Notice:  Undefined offset: 2 in /Users/lawrie/Web Dev/things2do/sys/routing.php on line 17
[05-Aug-2013 12:53:23 UTC] PHP Notice:  Undefined property: FBAuth::$isLoggedIn in /Users/lawrie/Web Dev/things2do/actions/auth/actions.php on line 9
[05-Aug-2013 12:53:25 UTC] PHP Notice:  Undefined offset: 2 in /Users/lawrie/Web Dev/things2do/sys/routing.php on line 17
[05-Aug-2013 12:53:25 UTC] PHP Notice:  Undefined offset: 1 in /Users/lawrie/Web Dev/things2do/sys/routing.php on line 17
[05-Aug-2013 12:53:25 UTC] PHP Notice:  Undefined variable: desc in /Users/lawrie/Web Dev/things2do/templates/header.html on line 10
[05-Aug-2013 12:53:25 UTC] PHP Notice:  Undefined variable: user in /Users/lawrie/Web Dev/things2do/actions/pages/templates/home.php on line 15
[05-Aug-2013 12:54:23 UTC] PHP Notice:  Undefined offset: 2 in /Users/lawrie/Web Dev/things2do/sys/routing.php on line 17
[05-Aug-2013 12:54:23 UTC] PHP Notice:  Undefined offset: 1 in /Users/lawrie/Web Dev/things2do/sys/routing.php on line 17
[05-Aug-2013 12:54:23 UTC] PHP Notice:  Undefined variable: desc in /Users/lawrie/Web Dev/things2do/templates/header.html on line 10
[05-Aug-2013 12:54:23 UTC] PHP Notice:  Undefined variable: user in /Users/lawrie/Web Dev/things2do/actions/pages/templates/home.php on line 15
[05-Aug-2013 12:54:25 UTC] PHP Notice:  Undefined offset: 2 in /Users/lawrie/Web Dev/things2do/sys/routing.php on line 17
[05-Aug-2013 12:54:25 UTC] PHP Notice:  Undefined offset: 2 in /Users/lawrie/Web Dev/things2do/sys/routing.php on line 17
[05-Aug-2013 12:54:31 UTC] PHP Notice:  Undefined offset: 2 in /Users/lawrie/Web Dev/things2do/sys/routing.php on line 17
[05-Aug-2013 12:54:31 UTC] PHP Notice:  Undefined offset: 1 in /Users/lawrie/Web Dev/things2do/sys/routing.php on line 17
[05-Aug-2013 12:54:31 UTC] PHP Notice:  Undefined variable: desc in /Users/lawrie/Web Dev/things2do/templates/header.html on line 10
[05-Aug-2013 12:54:31 UTC] PHP Notice:  Undefined variable: user in /Users/lawrie/Web Dev/things2do/actions/pages/templates/home.php on line 15
[05-Aug-2013 12:54:33 UTC] PHP Notice:  Undefined offset: 2 in /Users/lawrie/Web Dev/things2do/sys/routing.php on line 17
[05-Aug-2013 12:54:33 UTC] PHP Notice:  Undefined property: FBAuth::$isLoggedIn in /Users/lawrie/Web Dev/things2do/actions/auth/actions.php on line 9
[05-Aug-2013 12:54:40 UTC] PHP Notice:  Undefined offset: 2 in /Users/lawrie/Web Dev/things2do/sys/routing.php on line 17
[05-Aug-2013 12:54:40 UTC] PHP Notice:  Undefined offset: 1 in /Users/lawrie/Web Dev/things2do/sys/routing.php on line 17
[05-Aug-2013 12:54:40 UTC] PHP Notice:  Undefined variable: desc in /Users/lawrie/Web Dev/things2do/templates/header.html on line 10
[05-Aug-2013 12:54:40 UTC] PHP Notice:  Undefined variable: user in /Users/lawrie/Web Dev/things2do/actions/pages/templates/home.php on line 15
[05-Aug-2013 12:54:51 UTC] PHP Notice:  Undefined offset: 2 in /Users/lawrie/Web Dev/things2do/sys/routing.php on line 17
[05-Aug-2013 12:54:51 UTC] PHP Notice:  Undefined offset: 2 in /Users/lawrie/Web Dev/things2do/sys/routing.php on line 17
[05-Aug-2013 12:55:19 UTC] PHP Notice:  Undefined offset: 2 in /Users/lawrie/Web Dev/things2do/sys/routing.php on line 17
[05-Aug-2013 12:55:19 UTC] PHP Notice:  Undefined offset: 1 in /Users/lawrie/Web Dev/things2do/sys/routing.php on line 17
[05-Aug-2013 12:55:19 UTC] PHP Notice:  Undefined variable: desc in /Users/lawrie/Web Dev/things2do/templates/header.html on line 10
[05-Aug-2013 12:55:19 UTC] PHP Notice:  Undefined variable: user in /Users/lawrie/Web Dev/things2do/actions/pages/templates/home.php on line 15
[05-Aug-2013 12:55:20 UTC] PHP Notice:  Undefined offset: 2 in /Users/lawrie/Web Dev/things2do/sys/routing.php on line 17
[05-Aug-2013 12:55:20 UTC] PHP Notice:  Undefined property: FBAuth::$isLoggedIn in /Users/lawrie/Web Dev/things2do/actions/auth/actions.php on line 9
[05-Aug-2013 12:55:20 UTC] PHP Notice:  Undefined offset: 2 in /Users/lawrie/Web Dev/things2do/sys/routing.php on line 17
[05-Aug-2013 12:55:20 UTC] PHP Notice:  Undefined offset: 1 in /Users/lawrie/Web Dev/things2do/sys/routing.php on line 17
[05-Aug-2013 12:55:21 UTC] PHP Notice:  Undefined variable: desc in /Users/lawrie/Web Dev/things2do/templates/header.html on line 10
[05-Aug-2013 12:55:21 UTC] PHP Notice:  Undefined variable: user in /Users/lawrie/Web Dev/things2do/actions/pages/templates/home.php on line 15
[05-Aug-2013 12:55:22 UTC] PHP Notice:  Undefined offset: 2 in /Users/lawrie/Web Dev/things2do/sys/routing.php on line 17
[05-Aug-2013 12:55:22 UTC] PHP Notice:  Undefined offset: 2 in /Users/lawrie/Web Dev/things2do/sys/routing.php on line 17
[05-Aug-2013 12:55:28 UTC] PHP Notice:  Undefined offset: 2 in /Users/lawrie/Web Dev/things2do/sys/routing.php on line 17
[05-Aug-2013 12:55:28 UTC] PHP Notice:  Undefined offset: 1 in /Users/lawrie/Web Dev/things2do/sys/routing.php on line 17
[05-Aug-2013 12:55:28 UTC] PHP Notice:  Undefined variable: desc in /Users/lawrie/Web Dev/things2do/templates/header.html on line 10
[05-Aug-2013 12:55:28 UTC] PHP Notice:  Undefined variable: user in /Users/lawrie/Web Dev/things2do/actions/pages/templates/home.php on line 15
[05-Aug-2013 12:55:30 UTC] PHP Notice:  Undefined offset: 2 in /Users/lawrie/Web Dev/things2do/sys/routing.php on line 17
[05-Aug-2013 12:55:30 UTC] PHP Notice:  Undefined property: FBAuth::$isLoggedIn in /Users/lawrie/Web Dev/things2do/actions/auth/actions.php on line 9
[05-Aug-2013 12:55:30 UTC] PHP Notice:  Undefined offset: 2 in /Users/lawrie/Web Dev/things2do/sys/routing.php on line 17
[05-Aug-2013 12:55:30 UTC] PHP Notice:  Undefined offset: 1 in /Users/lawrie/Web Dev/things2do/sys/routing.php on line 17
[05-Aug-2013 12:55:31 UTC] PHP Notice:  Undefined variable: desc in /Users/lawrie/Web Dev/things2do/templates/header.html on line 10
[05-Aug-2013 12:55:31 UTC] PHP Notice:  Undefined variable: user in /Users/lawrie/Web Dev/things2do/actions/pages/templates/home.php on line 15
[05-Aug-2013 12:55:41 UTC] PHP Notice:  Undefined offset: 2 in /Users/lawrie/Web Dev/things2do/sys/routing.php on line 17
[05-Aug-2013 12:55:41 UTC] PHP Notice:  Undefined offset: 1 in /Users/lawrie/Web Dev/things2do/sys/routing.php on line 17
[05-Aug-2013 12:55:41 UTC] CSRF state token does not match one provided.
[05-Aug-2013 12:55:42 UTC] PHP Notice:  Undefined variable: desc in /Users/lawrie/Web Dev/things2do/templates/header.html on line 10
[05-Aug-2013 12:55:42 UTC] PHP Notice:  Undefined variable: user in /Users/lawrie/Web Dev/things2do/actions/pages/templates/home.php on line 17
[05-Aug-2013 12:55:42 UTC] PHP Notice:  Undefined variable: user in /Users/lawrie/Web Dev/things2do/actions/pages/templates/home.php on line 20
[05-Aug-2013 12:56:26 UTC] PHP Notice:  Undefined offset: 2 in /Users/lawrie/Web Dev/things2do/sys/routing.php on line 17
[05-Aug-2013 12:56:26 UTC] PHP Notice:  Undefined offset: 1 in /Users/lawrie/Web Dev/things2do/sys/routing.php on line 17
[05-Aug-2013 12:56:26 UTC] CSRF state token does not match one provided.
[05-Aug-2013 12:56:27 UTC] PHP Notice:  Undefined variable: desc in /Users/lawrie/Web Dev/things2do/templates/header.html on line 10
[05-Aug-2013 12:56:27 UTC] PHP Notice:  Undefined variable: user in /Users/lawrie/Web Dev/things2do/actions/pages/templates/home.php on line 17
[05-Aug-2013 12:56:27 UTC] PHP Notice:  Undefined variable: user in /Users/lawrie/Web Dev/things2do/actions/pages/templates/home.php on line 20
[05-Aug-2013 12:56:47 UTC] PHP Notice:  Undefined offset: 2 in /Users/lawrie/Web Dev/things2do/sys/routing.php on line 17
[05-Aug-2013 12:56:47 UTC] PHP Notice:  Undefined offset: 1 in /Users/lawrie/Web Dev/things2do/sys/routing.php on line 17
[05-Aug-2013 12:56:47 UTC] CSRF state token does not match one provided.
[05-Aug-2013 12:56:47 UTC] PHP Notice:  Undefined variable: desc in /Users/lawrie/Web Dev/things2do/templates/header.html on line 10
[05-Aug-2013 12:56:47 UTC] PHP Notice:  Undefined variable: user in /Users/lawrie/Web Dev/things2do/actions/pages/templates/home.php on line 17
[05-Aug-2013 12:56:58 UTC] PHP Notice:  Undefined offset: 2 in /Users/lawrie/Web Dev/things2do/sys/routing.php on line 17
[05-Aug-2013 12:56:58 UTC] PHP Notice:  Undefined offset: 1 in /Users/lawrie/Web Dev/things2do/sys/routing.php on line 17
[05-Aug-2013 12:56:58 UTC] CSRF state token does not match one provided.
[05-Aug-2013 12:56:58 UTC] PHP Notice:  Undefined variable: desc in /Users/lawrie/Web Dev/things2do/templates/header.html on line 10
[05-Aug-2013 12:56:58 UTC] PHP Notice:  Array to string conversion in /Users/lawrie/Web Dev/things2do/actions/pages/templates/home.php on line 17
[05-Aug-2013 12:58:38 UTC] PHP Notice:  Undefined offset: 2 in /Users/lawrie/Web Dev/things2do/sys/routing.php on line 17
[05-Aug-2013 12:58:38 UTC] PHP Notice:  Undefined offset: 1 in /Users/lawrie/Web Dev/things2do/sys/routing.php on line 17
[05-Aug-2013 12:58:38 UTC] CSRF state token does not match one provided.
[05-Aug-2013 12:58:38 UTC] PHP Fatal error:  Call to undefined method FBAuth::user() in /Users/lawrie/Web Dev/things2do/actions/pages/actions.php on line 49
[05-Aug-2013 12:59:11 UTC] PHP Notice:  Undefined offset: 2 in /Users/lawrie/Web Dev/things2do/sys/routing.php on line 17
[05-Aug-2013 12:59:11 UTC] PHP Notice:  Undefined offset: 1 in /Users/lawrie/Web Dev/things2do/sys/routing.php on line 17
[05-Aug-2013 12:59:11 UTC] CSRF state token does not match one provided.
[05-Aug-2013 12:59:12 UTC] PHP Notice:  Undefined variable: desc in /Users/lawrie/Web Dev/things2do/templates/header.html on line 10
[05-Aug-2013 12:59:12 UTC] PHP Notice:  Array to string conversion in /Users/lawrie/Web Dev/things2do/actions/pages/templates/home.php on line 17
[05-Aug-2013 12:59:26 UTC] PHP Notice:  Undefined offset: 2 in /Users/lawrie/Web Dev/things2do/sys/routing.php on line 17
[05-Aug-2013 12:59:26 UTC] PHP Notice:  Undefined offset: 1 in /Users/lawrie/Web Dev/things2do/sys/routing.php on line 17
[05-Aug-2013 12:59:26 UTC] CSRF state token does not match one provided.
[05-Aug-2013 12:59:27 UTC] PHP Notice:  Undefined variable: desc in /Users/lawrie/Web Dev/things2do/templates/header.html on line 10
[05-Aug-2013 12:59:40 UTC] PHP Notice:  Undefined offset: 2 in /Users/lawrie/Web Dev/things2do/sys/routing.php on line 17
[05-Aug-2013 12:59:40 UTC] PHP Notice:  Undefined offset: 1 in /Users/lawrie/Web Dev/things2do/sys/routing.php on line 17
[05-Aug-2013 12:59:41 UTC] PHP Notice:  Undefined variable: desc in /Users/lawrie/Web Dev/things2do/templates/header.html on line 10
[05-Aug-2013 13:00:32 UTC] PHP Notice:  Undefined offset: 2 in /Users/lawrie/Web Dev/things2do/sys/routing.php on line 17
[05-Aug-2013 13:00:32 UTC] PHP Notice:  Undefined offset: 1 in /Users/lawrie/Web Dev/things2do/sys/routing.php on line 17
[05-Aug-2013 13:00:32 UTC] PHP Notice:  Undefined variable: desc in /Users/lawrie/Web Dev/things2do/templates/header.html on line 10
